make all --print-data-base --no-builtin-variables --no-builtin-rules --question
# GNU Make 3.81
# Copyright (C) 2006  Free Software Foundation, Inc.
# This is free software; see the source for copying conditions.
# There is NO warranty; not even for MERCHANTABILITY or FITNESS FOR A
# PARTICULAR PURPOSE.

# This program built for i386-apple-darwin11.3.0
 

# Make data base, printed on Fri Jul 22 17:28:09 2022

# Variables

# automatic
<D = $(patsubst %/,%,$(dir $<))
# automatic
?F = $(notdir $?)
# environment
VSCODE_LOG_NATIVE = false
# automatic
?D = $(patsubst %/,%,$(dir $?))
# environment
CPPFLAGS = -I/opt/homebrew/opt/curl/include
# automatic
@D = $(patsubst %/,%,$(dir $@))
# automatic
@F = $(notdir $@)
# makefile
CURDIR := /Users/shouchenchen/Desktop/CS/ICS/lab/datalab/datalab-handout
# makefile
SHELL = /bin/sh
# environment
VSCODE_NLS_CONFIG = {"locale":"zh-cn","availableLanguages":{"*":"zh-cn"},"_languagePackId":"bbca1a7059cee8a1b93da8947fee1c4f.zh-cn","_translationsConfigFile":"/Users/shouchenchen/Library/Application Support/Code/clp/bbca1a7059cee8a1b93da8947fee1c4f.zh-cn/tcf.json","_cacheRoot":"/Users/shouchenchen/Library/Application Support/Code/clp/bbca1a7059cee8a1b93da8947fee1c4f.zh-cn","_resolvedLanguagePackCoreLocation":"/Users/shouchenchen/Library/Application Support/Code/clp/bbca1a7059cee8a1b93da8947fee1c4f.zh-cn/4af164ea3a06f701fe3e89a2bcbb421d2026b68f","_corruptedFile":"/Users/shouchenchen/Library/Application Support/Code/clp/bbca1a7059cee8a1b93da8947fee1c4f.zh-cn/corrupted.info","_languagePackSupport":true}
# environment
ZSH_HIGHLIGHT_HIGHLIGHTERS_DIR = /opt/homebrew/share/zsh-syntax-highlighting/highlighters
# environment
_ = /usr/bin/make
# makefile (from `Makefile', line 5)
CFLAGS = -O -Wall -m32
# environment
STARSHIP_SESSION_KEY = 1084274461792730
# environment
AUTOJUMP_SOURCED = 1
# environment
VSCODE_VERBOSE_LOGGING = true
# environment
__CFBundleIdentifier = com.microsoft.VSCode
# environment
INFOPATH = /opt/homebrew/share/info:
# environment
VSCODE_IPC_HOOK_EXTHOST = /var/folders/yy/dhpnrkdj07j_mvzvjnh9lvdr0000gn/T/vscode-ipc-8b13981d-7399-4a21-b6b7-f957e14e4c9b.sock
# environment
VSCODE_CWD = /
# environment
PATH = /opt/homebrew/opt/curl/bin:Users/shouchenchen/miniforge3/bin:/opt/homebrew/opt/ruby/bin:./Users/shouchenchen/anaconda3/condabin:/opt/homebrew/bin:/opt/homebrew/sbin:/Library/Frameworks/Python.framework/Versions/3.8/bin:/usr/local/bin:/usr/bin:/bin:/usr/sbin:/sbin:/Applications/VMware Fusion Tech Preview.app/Contents/Public:/Library/TeX/texbin:/usr/local/share/dotnet:~/.dotnet/tools:/Library/Apple/usr/bin:/Library/Frameworks/Mono.framework/Versions/Current/Commands:/Users/shouchenchen/.cargo/bin:/Library/Java/JavaVirtualMachines/jdk-18.0.1.1.jdk/Contents/Home/bin:/Users/shouchenchen/bin
# environment
no_proxy = localhost,127.0.0.1,localaddress,.localdomain.com
# environment
LSCOLORS = Gxfxcxdxbxegedabagacad
# makefile (from `Makefile', line 1)
MAKEFILE_LIST :=  Makefile
# environment
LaunchInstanceID = EFE65CEA-3E1D-472C-AEA7-FFDCFBE1E228
# environment
VSCODE_LOG_STACK = false
# environment
ELECTRON_RUN_AS_NODE = 1
# environment
LDFLAGS = -L/opt/homebrew/opt/curl/lib
# default
.FEATURES := target-specific order-only second-expansion else-if archives jobserver check-symlink
# environment
SSH_AUTH_SOCK = /private/tmp/com.apple.launchd.EzA9fWymQi/Listeners
# automatic
%F = $(notdir $%)
# environment
CONDA_EXE = /Users/shouchenchen/miniforge3/bin/conda
# environment
all_proxy = socks5://127.0.0.1:7890
# environment
VSCODE_PIPE_LOGGING = true
# environment
PWD = /Users/shouchenchen/Desktop/CS/ICS/lab/datalab/datalab-handout
# environment
HOMEBREW_CELLAR = /opt/homebrew/Cellar
# environment
PKG_CONFIG_PATH = /opt/homebrew/opt/curl/lib/pkgconfig
# environment
ORIGINAL_XDG_CURRENT_DESKTOP = undefined
# environment
MANPATH = /opt/homebrew/share/man::
# environment
VSCODE_AMD_ENTRYPOINT = vs/workbench/api/node/extensionHostProcess
# environment
HOME = /Users/shouchenchen
# default
MAKEFILEPATH := /Applications/Xcode.app/Contents/Developer/Makefiles
# environment
VSCODE_CODE_CACHE_PATH = /Users/shouchenchen/Library/Application Support/Code/CachedData/4af164ea3a06f701fe3e89a2bcbb421d2026b68f
# environment
LOGNAME = shouchenchen
# environment
APPLICATION_INSIGHTS_NO_DIAGNOSTIC_CHANNEL = 1
# environment
NVM_CD_FLAGS = -q
# environment
ZSH = /Users/shouchenchen/.oh-my-zsh
# environment
VSCODE_HANDLES_UNCAUGHT_ERRORS = true
# automatic
^D = $(patsubst %/,%,$(dir $^))
# environment
XPC_FLAGS = 0x0
# default
MAKE = $(MAKE_COMMAND)
# default
MAKECMDGOALS := all
# environment
SHLVL = 1
# makefile (from `Makefile', line 4)
CC = gcc
# environment
JAVA_HOME = /Library/Java/JavaVirtualMachines/jdk-18.0.1.1.jdk/Contents/Home
# default
MAKE_VERSION := 3.81
# environment
USER = shouchenchen
# makefile
.DEFAULT_GOAL := all
# environment
HOMEBREW_BOTTLE_DOMAIN = https://mirrors.ustc.edu.cn/homebrew-bottles
# environment
LESS = -R
# automatic
%D = $(patsubst %/,%,$(dir $%))
# environment
CONDA_SHLVL = 0
# default
MAKE_COMMAND := /Applications/Xcode.app/Contents/Developer/usr/bin/make
# default
.VARIABLES := 
# environment
TMPDIR = /var/folders/yy/dhpnrkdj07j_mvzvjnh9lvdr0000gn/T/
# automatic
*F = $(notdir $*)
# environment
VSCODE_IPC_HOOK = /Users/shouchenchen/Library/Application Support/Code/1.68.0-main.sock
# makefile
MAKEFLAGS = Rrqp
# environment
MFLAGS = -Rrqp
# automatic
*D = $(patsubst %/,%,$(dir $*))
# environment
NVM_DIR = /Users/shouchenchen/.nvm
# environment
XPC_SERVICE_NAME = application.com.microsoft.VSCode.20639946.20639952
# environment
HOMEBREW_PREFIX = /opt/homebrew
# automatic
+D = $(patsubst %/,%,$(dir $+))
# environment
http_proxy = http://127.0.0.1:7890
# automatic
+F = $(notdir $+)
# environment
HOMEBREW_REPOSITORY = /opt/homebrew
# environment
__CF_USER_TEXT_ENCODING = 0x1F5:0x19:0x34
# environment
COMMAND_MODE = unix2003
# default
MAKEFILES := 
# automatic
<F = $(notdir $<)
# environment
https_proxy = http://127.0.0.1:7890
# environment
PAGER = less
# environment
LC_ALL = C
# environment
CONDA_PYTHON_EXE = /Users/shouchenchen/miniforge3/bin/python
# makefile (from `Makefile', line 6)
LIBS = -lm
# environment
SECURITYSESSIONID = 186b2
# automatic
^F = $(notdir $^)
# default
SUFFIXES := 
# environment
_CE_M = 
# environment
_CE_CONDA = 
# default
.INCLUDE_DIRS = /usr/local/include
# environment
MAKELEVEL := 0
# environment
AUTOJUMP_ERROR_PATH = /Users/shouchenchen/Library/autojump/errors.log
# environment
LANG = C
# environment
VSCODE_PID = 648
# environment
STARSHIP_SHELL = zsh
# environment
NVM_RC_VERSION = 
# variable set hash-table stats:
# Load=98/1024=10%, Rehash=0, Collisions=7/122=6%

# Pattern-specific Variable Values

# No pattern-specific variable values.

# Directories

# . (device 16777233, inode 24382794): 21 files, no impossibilities.

# 21 files, no impossibilities in 1 directories.

# Implicit Rules

# No implicit rules.

# Files

# Not a target:
bits.c:
#  Implicit rule search has been done.
#  Last modified 2022-07-22 17:27:52
#  File has been updated.
#  Successfully updated.
# variable set hash-table stats:
# Load=0/32=0%, Rehash=0, Collisions=0/0=0%

all: btest fshow ishow
#  Command-line target.
#  Implicit rule search has been done.
#  File does not exist.
#  File has been updated.
#  Successfully updated.
# variable set hash-table stats:
# Load=0/32=0%, Rehash=0, Collisions=0/0=0%

# Not a target:
bits.h:
#  Implicit rule search has been done.
#  Last modified 2019-12-17 04:26:50
#  File has been updated.
#  Successfully updated.
# variable set hash-table stats:
# Load=0/32=0%, Rehash=0, Collisions=0/0=0%

# Not a target:
btest.c:
#  Implicit rule search has been done.
#  Last modified 2017-08-23 18:24:10
#  File has been updated.
#  Successfully updated.
# variable set hash-table stats:
# Load=0/32=0%, Rehash=0, Collisions=0/0=0%

# Not a target:
.SUFFIXES:
#  Implicit rule search has not been done.
#  Modification time never checked.
#  File has not been updated.

# Not a target:
Makefile:
#  Implicit rule search has been done.
#  Last modified 2022-07-22 17:27:57
#  File has been updated.
#  Successfully updated.
# variable set hash-table stats:
# Load=0/32=0%, Rehash=0, Collisions=0/0=0%

# Not a target:
btest.h:
#  Implicit rule search has been done.
#  Last modified 2010-09-14 02:36:45
#  File has been updated.
#  Successfully updated.
# variable set hash-table stats:
# Load=0/32=0%, Rehash=0, Collisions=0/0=0%

# Not a target:
decl.c:
#  Implicit rule search has been done.
#  Last modified 2019-12-17 04:26:50
 
#  File has been updated.
 
#  Successfully updated.
# variable set hash-table stats:
# Load=0/32=0%, Rehash=0, Collisions=0/0=0%

fshow: fshow.c
#  Implicit rule search has not been done.
#  Last modified 2022-07-19 16:35:13
#  File has been updated.
#  Successfully updated.
# variable set hash-table stats:
# Load=0/32=0%, Rehash=0, Collisions=0/0=0%
#  commands to execute (from `Makefile', line 14):
	$(CC) $(CFLAGS) -o fshow fshow.c
	

ishow: ishow.c
#  Implicit rule search has not been done.
#  Last modified 2022-07-19 16:35:13
#  File has been updated.
#  Successfully updated.
# variable set hash-table stats:
# Load=0/32=0%, Rehash=0, Collisions=0/0=0%
#  commands to execute (from `Makefile', line 17):
	$(CC) $(CFLAGS) -o ishow ishow.c
	

# Not a target:
tests.c:
#  Implicit rule search has been done.
#  Last modified 2019-12-17 04:26:50
#  File has been updated.
#  Successfully updated.
# variable set hash-table stats:
# Load=0/32=0%, Rehash=0, Collisions=0/0=0%

# Not a target:
.DEFAULT:
#  Implicit rule search has not been done.
#  Modification time never checked.
#  File has not been updated.

clean:
#  Implicit rule search has not been done.
#  Modification time never checked.
#  File has not been updated.
#  commands to execute (from `Makefile', line 24):
	rm -f *.o btest fshow ishow *~
	

btestexplicit:
#  Implicit rule search has not been done.
#  Modification time never checked.
#  File has not been updated.
#  commands to execute (from `Makefile', line 21):
	$(CC) $(CFLAGS) $(LIBS) -o btest bits.c btest.c decl.c tests.c 
	

btest: btest.c bits.c decl.c tests.c btest.h bits.h
#  Implicit rule search has not been done.
#  Last modified 2022-07-22 17:28:02
#  File has been updated.
#  Successfully updated.
# variable set hash-table stats:
# Load=0/32=0%, Rehash=0, Collisions=0/0=0%
#  commands to execute (from `Makefile', line 11):
	$(CC) $(CFLAGS) $(LIBS) -o btest bits.c btest.c decl.c tests.c
	

# Not a target:
fshow.c:
#  Implicit rule search has been done.
#  Last modified 2006-09-14 12:03:28
#  File has been updated.
#  Successfully updated.
# variable set hash-table stats:
# Load=0/32=0%, Rehash=0, Collisions=0/0=0%

# Not a target:
ishow.c:
#  Implicit rule search has been done.
#  Last modified 2006-09-14 12:03:10
#  File has been updated.
#  Successfully updated.
# variable set hash-table stats:
# Load=0/32=0%, Rehash=0, Collisions=0/0=0%

# files hash-table stats:
# Load=17/1024=2%, Rehash=0, Collisions=0/41=0%
# VPATH Search Paths

# No `vpath' search paths.

# No general (`VPATH' variable) search path.

# # of strings in strcache: 1
# # of strcache buffers: 1
# strcache size: total = 4096 / max = 4096 / min = 4096 / avg = 4096
# strcache free: total = 4087 / max = 4087 / min = 4087 / avg = 4087

# Finished Make data base on Fri Jul 22 17:28:09 2022

 
